<?xml version="1.0" encoding="UTF-8"?>
<!-- Generated by org.testng.reporters.JUnitReportReporter -->
<testsuite skipped="0" hostname="Digisol" name="com.practicePackage.ABCD" tests="2" failures="0" timestamp="2023-04-26T14:56:37 IST" time="0.024" errors="0">
  <testcase name="test2" time="0.003" classname="com.practicePackage.ABCD"/>
  <system-out/>
  <testcase name="test1" time="0.021" classname="com.practicePackage.ABCD"/>
  <system-out/>
</testsuite> <!-- com.practicePackage.ABCD -->
