<?xml version="1.0" encoding="UTF-8"?>
<!-- Generated by org.testng.reporters.JUnitReportReporter -->
<testsuite skipped="0" hostname="Digisol" name="com.practicePackage.CreateTest" tests="4" failures="0" timestamp="2023-05-03T23:46:13 IST" time="0.035" errors="0">
  <testcase name="create" time="0.024" classname="com.practicePackage.CreateTest"/>
  <system-out/>
  <testcase name="create" time="0.003" classname="com.practicePackage.CreateTest"/>
  <system-out/>
  <testcase name="login" time="0.004" classname="com.practicePackage.CreateTest"/>
  <system-out/>
  <testcase name="login" time="0.004" classname="com.practicePackage.CreateTest"/>
  <system-out/>
</testsuite> <!-- com.practicePackage.CreateTest -->
