<?xml version="1.0" encoding="UTF-8"?>
<!-- Generated by org.testng.reporters.JUnitReportReporter -->
<testsuite skipped="0" hostname="Digisol" name="com.practicePackage.DeleteTest" tests="2" failures="0" timestamp="2023-05-03T23:46:13 IST" time="0.008" errors="0">
  <testcase name="deleteTest" time="0.004" classname="com.practicePackage.DeleteTest"/>
  <system-out/>
  <testcase name="deleteTest" time="0.004" classname="com.practicePackage.DeleteTest"/>
  <system-out/>
</testsuite> <!-- com.practicePackage.DeleteTest -->
